2025-02-04 18:39:22,003 - cria_chave - INFO - Acessou corretamente (Status code: 200)
2025-02-04 18:40:31,189 - cria_chave - INFO - Acessou corretamente (Status code: 200)
2025-02-04 19:05:52,674 - cria_chave - INFO - Acessou corretamente (Status code: 200)
2025-02-04 19:10:14,738 - cria_chave - INFO - Acessou corretamente (Status code: 200)
2025-02-04 19:22:06,720 - cria_chave - INFO - Usuário cadastrado com sucesso! (Status code: 201)
2025-02-04 19:22:48,346 - cria_chave - INFO - Cadastrado com sucesso! (Status code: 201)
2025-02-04 19:27:40,346 - cria_chave - INFO - Cadastrado com sucesso! (Status code: 201)
2025-02-04 19:32:38,649 - cria_chave - INFO - Cadastrado com sucesso! (Status code: 201)
2025-02-14 19:25:21,793 - cria_chave - INFO - Cadastrado com sucesso! (Status code: 201)
2025-02-14 19:34:36,780 - cria_chave - INFO - Cadastrado com sucesso! (Status code: 201)
2025-02-14 19:34:39,722 - cria_chave - INFO - Cadastrado com sucesso! (Status code: 201)
2025-02-14 19:34:40,972 - cria_chave - INFO - Cadastrado com sucesso! (Status code: 201)
2025-02-17 10:06:19,458 - cria_chave - INFO - Conta criada com sucesso! (Status code: 201)
2025-02-17 10:08:03,133 - cria_chave - ERROR - Este login já está em uso. (Status code: 422)
2025-02-17 10:09:33,534 - cria_chave - ERROR - Este login já está em uso. (Status code: 422)
2025-02-17 14:57:35,415 - cria_chave - ERROR - Este login já está em uso. (Status code: 422)
2025-02-21 18:10:24,350 - cria_chave - ERROR - Este login já está em uso. (Status code: 422)
2025-02-21 19:13:45,052 - cria_chave - ERROR - Este login já está em uso. (Status code: 422)
2025-02-21 19:15:02,967 - cria_chave - INFO - Login realizado com sucesso! (Status code: 200)
2025-02-21 19:33:29,950 - cria_chave - ERROR - Invalid token (Status code: 401)
2025-02-21 19:33:40,478 - cria_chave - ERROR - Invalid token (Status code: 401)
2025-02-21 19:37:52,866 - cria_chave - INFO - Login realizado com sucesso! (Status code: 200)
2025-02-21 19:38:05,248 - cria_chave - ERROR - Invalid token (Status code: 401)
2025-02-21 19:38:47,048 - cria_chave - ERROR - Invalid token (Status code: 401)
2025-02-21 19:40:06,439 - cria_chave - ERROR - Invalid token (Status code: 401)
2025-02-21 19:40:50,266 - cria_chave - ERROR - Invalid token (Status code: 401)
2025-02-21 19:41:20,065 - cria_chave - ERROR - Invalid token (Status code: 401)
2025-02-21 19:42:13,679 - cria_chave - INFO - Login realizado com sucesso! (Status code: 200)
2025-02-21 19:43:10,358 - cria_chave - INFO - Login realizado com sucesso! (Status code: 200)
